
*** Running vivado
    with args -log system_auto_pc_3.vds -m64 -product Vivado -mode batch -messageDb vivado.pb -notrace -source system_auto_pc_3.tcl


ECHO is off.
ECHO is off.

****** Vivado v2023.2 (64-bit)
  **** SW Build 4029153 on Fri Oct 13 20:14:34 MDT 2023
  **** IP Build 4028589 on Sat Oct 14 00:45:43 MDT 2023
  **** SharedData Build 4025554 on Tue Oct 10 17:18:54 MDT 2023
    ** Copyright 1986-2022 Xilinx, Inc. All Rights Reserved.
    ** Copyright 2022-2023 Advanced Micro Devices, Inc. All Rights Reserved.

source system_auto_pc_3.tcl -notrace
create_project: Time (s): cpu = 00:00:25 ; elapsed = 00:00:36 . Memory (MB): peak = 479.613 ; gain = 179.137
INFO: [IP_Flow 19-234] Refreshing IP repositories
INFO: [IP_Flow 19-1700] Loaded user IP repository 'd:/MyProjects/Projects/SG/Nov5/SG/hw/hw.ipdefs/repo'.
INFO: [IP_Flow 19-2313] Loaded Vivado IP repository 'C:/Xilinx/Vivado/2023.2/data/ip'.
INFO: [IP_Flow 19-6924] IPCACHE: Running cache check for IP inst: system_auto_pc_3
INFO: [IP_Flow 19-6922] IPCACHE: Exporting cached entry e6adffa267844a4e to dir: D:/MyProjects/Projects/SG/Nov5/SG/hw/hw.runs/system_auto_pc_3_synth_1
INFO: [IP_Flow 19-6928] IPCACHE: copied cached file d:/MyProjects/Projects/SG/Nov5/SG/hw/hw.cache/ip/2023.2/e/6/e6adffa267844a4e/system_auto_pc_4.dcp to D:/MyProjects/Projects/SG/Nov5/SG/hw/hw.runs/system_auto_pc_3_synth_1/system_auto_pc_3.dcp.
INFO: [IP_Flow 19-6928] IPCACHE: copied cached file d:/MyProjects/Projects/SG/Nov5/SG/hw/hw.cache/ip/2023.2/e/6/e6adffa267844a4e/system_auto_pc_4_sim_netlist.v to D:/MyProjects/Projects/SG/Nov5/SG/hw/hw.runs/system_auto_pc_3_synth_1/system_auto_pc_3_sim_netlist.v.
INFO: [IP_Flow 19-6928] IPCACHE: copied cached file d:/MyProjects/Projects/SG/Nov5/SG/hw/hw.cache/ip/2023.2/e/6/e6adffa267844a4e/system_auto_pc_4_sim_netlist.vhdl to D:/MyProjects/Projects/SG/Nov5/SG/hw/hw.runs/system_auto_pc_3_synth_1/system_auto_pc_3_sim_netlist.vhdl.
INFO: [IP_Flow 19-6928] IPCACHE: copied cached file d:/MyProjects/Projects/SG/Nov5/SG/hw/hw.cache/ip/2023.2/e/6/e6adffa267844a4e/system_auto_pc_4_stub.v to D:/MyProjects/Projects/SG/Nov5/SG/hw/hw.runs/system_auto_pc_3_synth_1/system_auto_pc_3_stub.v.
INFO: [IP_Flow 19-6928] IPCACHE: copied cached file d:/MyProjects/Projects/SG/Nov5/SG/hw/hw.cache/ip/2023.2/e/6/e6adffa267844a4e/system_auto_pc_4_stub.vhdl to D:/MyProjects/Projects/SG/Nov5/SG/hw/hw.runs/system_auto_pc_3_synth_1/system_auto_pc_3_stub.vhdl.
INFO: [IP_Flow 19-4838] Using cached IP synthesis design for IP system_auto_pc_3, cache-ID = e6adffa267844a4e.
INFO: [Common 17-206] Exiting Vivado at Tue Nov  7 11:45:08 2023...
